app/build/outputs/mapping/release/seeds.txt
com.shanacoder.breathly.data.SettingsManager$special$$inlined$map$3
com.shanacoder.breathly.data.SettingsManager$special$$inlined$map$1$2$1
com.shanacoder.breathly.data.SessionDao_Impl$4
com.shanacoder.breathly.ui.theme.ThemeKt
com.shanacoder.breathly.notifications.NotificationReceiver
com.shanacoder.breathly.data.SettingsManager
com.shanacoder.breathly.data.SettingsManager$special$$inlined$map$3$2
com.shanacoder.breathly.data.SessionDao_Impl
com.shanacoder.breathly.data.SessionDao_Impl$6
com.shanacoder.breathly.data.AppDatabase$Companion
com.shanacoder.breathly.data.SettingsManager$special$$inlined$map$8$2
com.shanacoder.breathly.data.SettingsManager$setNotificationTime$2
com.shanacoder.breathly.data.PatternDao
com.shanacoder.breathly.data.SettingsManager$special$$inlined$map$5$2$1
com.shanacoder.breathly.data.SettingsManager$special$$inlined$map$3$2$1
com.shanacoder.breathly.data.SessionDao_Impl$3
com.shanacoder.breathly.data.PatternDao_Impl$2
com.shanacoder.breathly.data.PatternDao_Impl
com.shanacoder.breathly.data.SettingsManager$setProgressSectionOrder$2
com.shanacoder.breathly.data.SettingsManager$Companion
com.shanacoder.breathly.data.SettingsManager$special$$inlined$map$5$2
com.shanacoder.breathly.data.SettingsManager$setSoundsEnabled$2
com.shanacoder.breathly.data.SettingsManager$special$$inlined$map$6$2$1
com.shanacoder.breathly.data.SettingsManager$special$$inlined$map$7$2$1
com.shanacoder.breathly.data.SettingsManager$special$$inlined$map$4
com.shanacoder.breathly.data.PatternDao_Impl$5
com.shanacoder.breathly.data.SettingsManager$setHapticsEnabled$2
com.shanacoder.breathly.data.SessionDao
com.shanacoder.breathly.data.SettingsManager$special$$inlined$map$1$2
com.shanacoder.breathly.data.SettingsManager$setDndModeEnabled$2
com.shanacoder.breathly.data.AppDatabase_Impl$1
com.shanacoder.breathly.ui.theme.OrganicCardShape
com.shanacoder.breathly.ui.theme.ColorKt
com.shanacoder.breathly.data.SessionDao_Impl$2
com.shanacoder.breathly.data.PatternDao_Impl$1
com.shanacoder.breathly.data.PatternDao_Impl$4
com.shanacoder.breathly.data.SettingsManager$setFollowRhythmEnabled$2
com.shanacoder.breathly.data.SettingsManager$special$$inlined$map$8$2$1
com.shanacoder.breathly.data.SettingsManager$special$$inlined$map$6
com.shanacoder.breathly.data.SettingsManager$special$$inlined$map$1
com.shanacoder.breathly.data.SettingsManager$special$$inlined$map$4$2$1
com.shanacoder.breathly.data.SettingsManagerKt
com.shanacoder.breathly.ui.theme.OrganicBlobShape
com.shanacoder.breathly.data.SettingsManager$special$$inlined$map$7
com.shanacoder.breathly.data.SettingsManager$special$$inlined$map$2
com.shanacoder.breathly.ui.theme.ThemeKt$BreathlyTheme$1
com.shanacoder.breathly.data.SessionDao_Impl$5
com.shanacoder.breathly.data.AppDatabase_Impl
com.shanacoder.breathly.data.SessionDao_Impl$1
com.shanacoder.breathly.data.SessionEntity
com.shanacoder.breathly.data.SettingsManager$special$$inlined$map$7$2
com.shanacoder.breathly.data.SettingsManager$special$$inlined$map$5
com.shanacoder.breathly.data.SettingsManager$setHomeSectionOrder$2
com.shanacoder.breathly.data.PatternDao_Impl$3
com.shanacoder.breathly.data.SettingsManager$special$$inlined$map$2$2$1
com.shanacoder.breathly.MainActivity
com.shanacoder.breathly.data.AppDatabase
com.shanacoder.breathly.data.SettingsManager$special$$inlined$map$2$2
com.shanacoder.breathly.data.PatternEntity
com.shanacoder.breathly.data.SettingsManager$special$$inlined$map$4$2
com.shanacoder.breathly.data.SettingsManager$special$$inlined$map$6$2
com.shanacoder.breathly.data.SettingsManager$special$$inlined$map$8
com.shanacoder.breathly.data.SettingsManager$setNotificationsEnabled$2
com.shanacoder.breathly.data.SettingsManager$special$$inlined$map$4$2$1: int label
com.shanacoder.breathly.data.SettingsManager: androidx.datastore.preferences.core.Preferences$Key HOME_SECTION_ORDER
com.shanacoder.breathly.data.PatternEntity: float hold1
...
androidx.navigation.ActivityNavigator
com.google.android.gms.common.annotation.KeepName
androidx.core.app.RemoteActionCompatParcelizer
androidx.annotation.Keep
androidx.navigation.compose.DialogHostKt$PopulateVisibleList$1$1$observer$1
androidx.compose.ui.layout.LayoutElement
androidx.compose.ui.input.rotary.RotaryInputElement
androidx.savedstate.Recreator
androidx.compose.foundation.layout.HorizontalAlignElement
androidx.activity.ComponentActivity$6
androidx.activity.ComponentActivity$3
com.google.android.gms.common.internal.ReflectedParcelable
android.support.v4.app.RemoteActionCompatParcelizer
androidx.fragment.app.Fragment$2
androidx.core.graphics.drawable.IconCompatParcelizer
androidx.core.app.RemoteActionCompat
androidx.compose.foundation.FocusableKt$FocusableInNonTouchModeElement$1
com.google.android.play.core.common.PlayCoreDialogWrapperActivity
androidx.compose.foundation.layout.PaddingValuesElement
androidx.compose.ui.semantics.EmptySemanticsElement
androidx.compose.foundation.layout.WrapContentElement
androidx.compose.foundation.ScrollingLayoutElement
androidx.compose.ui.draw.DrawBehindElement
androidx.lifecycle.DefaultLifecycleObserverAdapter
androidx.compose.ui.graphics.GraphicsLayerElement
androidx.navigation.compose.DialogNavigator
androidx.compose.ui.platform.ViewCompositionStrategy_androidKt$installForLifecycle$observer$1
androidx.compose.foundation.BackgroundElement
androidx.navigation.compose.ComposeNavigator
androidx.compose.ui.draw.PainterElement
androidx.lifecycle.ProcessLifecycleInitializer
androidx.compose.ui.CompositionLocalMapInjectionElement
com.google.android.gms.common.util.DynamiteApi
androidx.lifecycle.CompositeGeneratedAdaptersObserver
androidx.compose.ui.input.nestedscroll.NestedScrollElement
kotlinx.coroutines.internal.StackTraceRecoveryKt
androidx.lifecycle.LiveData$LifecycleBoundObserver
com.google.android.gms.common.api.internal.LifecycleCallback
androidx.compose.foundation.gestures.DraggableElement
androidx.compose.foundation.FocusedBoundsObserverElement
androidx.compose.ui.focus.FocusOwnerImpl$modifier$1
androidx.activity.ComponentActivity$2
androidx.compose.foundation.layout.SizeElement
androidx.compose.ui.node.ForceUpdateElement
android.support.v4.graphics.drawable.IconCompatParcelizer
androidx.compose.material3.TouchExplorationStateProvider_androidKt$ObserveState$3$observer$1
androidx.lifecycle.ReflectiveGenericLifecycleObserver
androidx.compose.ui.platform.WrappedComposition
androidx.navigation.NavGraphNavigator
androidx.navigation.compose.ComposeNavGraphNavigator
androidx.compose.foundation.text.modifiers.TextStringSimpleElement
androidx.profileinstaller.ProfileInstallReceiver
androidx.compose.foundation.text.modifiers.SelectableTextAnnotatedStringElement
androidx.lifecycle.SingleGeneratedAdapterObserver
androidx.compose.foundation.layout.BoxChildDataElement
androidx.compose.foundation.layout.OffsetPxElement
androidx.compose.ui.focus.FocusChangedElement
androidx.compose.foundation.relocation.BringIntoViewRequesterElement
androidx.lifecycle.LegacySavedStateHandleController$tryToAddRecreator$1
androidx.compose.ui.focus.FocusPropertiesElement
androidx.core.app.CoreComponentFactory
androidx.compose.foundation.ClickableElement
androidx.compose.foundation.FocusableElement
androidx.compose.ui.input.pointer.SuspendPointerInputElement
androidx.activity.ComponentActivity$4
androidx.core.graphics.drawable.IconCompat
androidx.compose.foundation.layout.LayoutWeightElement
androidx.profileinstaller.ProfileInstallerInitializer
androidx.lifecycle.RepeatOnLifecycleKt$repeatOnLifecycle$3$1$1$1
androidx.activity.result.ActivityResultRegistry$1
com.google.android.gms.dynamite.DynamiteModule$DynamiteLoaderClassLoader
androidx.lifecycle.LifecycleCoroutineScopeImpl
androidx.compose.foundation.layout.PaddingElement
androidx.compose.ui.layout.OnGloballyPositionedElement
androidx.compose.foundation.relocation.BringIntoViewResponderElement
androidx.compose.ui.layout.LayoutIdElement