app/build/outputs/mapping/release/mapping.txt
# compiler: R8
# compiler_version: 8.5.35
# min_api: 24
# common_typos_disable
# {"id":"com.android.tools.r8.mapping","version":"2.2"}
# pg_map_id: 8b4ac56
# pg_map_hash: SHA-256 8b4ac566b2fa01d4fb5d851b54af03ade3e034cfe1ad4e1599bd2b05d1e3c168
com.shanacoder.breathly.BreathHoldStats -> n1.a:
# {"id":"sourceFile","fileName":"BreatheViewModel.kt"}
    int avgHoldSeconds -> a
    int personalBestSeconds -> b
    1:8:void <init>(int,int):0:0 -> <init>
    5:27:boolean equals(java.lang.Object):0:0 -> equals
    1:16:int hashCode():0:0 -> hashCode
    1:32:java.lang.String toString():0:0 -> toString
com.shanacoder.breathly.BreathlyViewModel -> n1.l:
# {"id":"sourceFile","fileName":"BreatheViewModel.kt"}
    com.shanacoder.breathly.data.AppDatabase db -> d
    com.shanacoder.breathly.data.SettingsManager settingsManager -> e
    kotlinx.coroutines.flow.StateFlow customPatterns -> f
      # {"id":"com.android.tools.r8.residualsignature","signature":"LR1/z;"}
    kotlinx.coroutines.flow.StateFlow stats -> g
      # {"id":"com.android.tools.r8.residualsignature","signature":"LR1/z;"}
    kotlinx.coroutines.flow.StateFlow breathHoldStats -> h
      # {"id":"com.android.tools.r8.residualsignature","signature":"LR1/z;"}
    kotlinx.coroutines.flow.StateFlow homeSectionOrder -> i
      # {"id":"com.android.tools.r8.residualsignature","signature":"LR1/z;"}
    6:8:void androidx.lifecycle.AndroidViewModel.<init>(android.app.Application):0:0 -> <init>
    6:8:void <init>(android.app.Application):0 -> <init>
    9:82:void <init>(android.app.Application):0:0 -> <init>
    83:85:void com.shanacoder.breathly.SessionStats.<init>(int,int,int,int,kotlin.jvm.internal.DefaultConstructorMarker):0:0 -> <init>
    83:85:void <init>(android.app.Application):0 -> <init>
    86:115:void <init>(android.app.Application):0:0 -> <init>
    116:118:void com.shanacoder.breathly.BreathHoldStats.<init>(int,int,int,kotlin.jvm.internal.DefaultConstructorMarker):0:0 -> <init>
    116:118:void <init>(android.app.Application):0 -> <init>
    119:200:void <init>(android.app.Application):0:0 -> <init>
com.shanacoder.breathly.BreathlyViewModel$addCustomPattern$1 -> n1.b:
# {"id":"sourceFile","fileName":"BreatheViewModel.kt"}
    int label -> i
    com.shanacoder.breathly.BreathlyViewModel this$0 -> j
      # {"id":"com.android.tools.r8.residualsignature","signature":"Ln1/l;"}
    com.shanacoder.breathly.CustomPattern $pattern -> k
      # {"id":"com.android.tools.r8.residualsignature","signature":"Ln1/p;"}
    1:9:void <init>(com.shanacoder.breathly.BreathlyViewModel,com.shanacoder.breathly.CustomPattern,kotlin.coroutines.Continuation):0:0 -> <init>
      # {"id":"com.android.tools.r8.residualsignature","signature":"(Ln1/l;Ln1/p;Lv1/d;)V"}
    1:10:kotlin.coroutines.Continuation create(java.lang.Object,kotlin.coroutines.Continuation):0:0 -> create
      # {"id":"com.android.tools.r8.residualsignature","signature":"(Ljava/lang/Object;Lv1/d;)Lv1/d;"}
    5:17:java.lang.Object invoke(kotlinx.coroutines.CoroutineScope,kotlin.coroutines.Continuation):0:0 -> invoke
    5:17:java.lang.Object invoke(java.lang.Object,java.lang.Object):0 -> invoke
    27:30:com.shanacoder.breathly.data.AppDatabase com.shanacoder.breathly.BreathlyViewModel.access$getDb$p(com.shanacoder.breathly.BreathlyViewModel):0:0 -> invokeSuspend
    27:30:java.lang.Object invokeSuspend(java.lang.Object):0 -> invokeSuspend
    31:36:java.lang.Object invokeSuspend(java.lang.Object):0:0 -> invokeSuspend
    37:40:java.lang.String com.shanacoder.breathly.CustomPattern.getName():0:0 -> invokeSuspend
...
androidx.compose.foundation.lazy.LazyListStateKt$rememberLazyListState$1$1 -> n.z:
# {"id":"sourceFile","fileName":"LazyListState.kt"}
    int $initialFirstVisibleItemIndex -> i
    int $initialFirstVisibleItemScrollOffset -> j
    1:9:void <init>(int,int):0:0 -> <init>
    1:10:androidx.compose.foundation.lazy.LazyListState invoke():0:0 -> n
    1:10:java.lang.Object invoke():0 -> n
androidx.compose.foundation.lazy.layout.AwaitFirstLayoutModifier -> o.b:
# {"id":"sourceFile","fileName":"AwaitFirstLayoutModifier.kt"}
    boolean wasPositioned -> c
    kotlin.coroutines.Continuation continuation -> d
      # {"id":"com.android.tools.r8.residualsignature","signature":"Lv1/k;"}
    74:78:void kotlin.coroutines.SafeContinuation.<init>(kotlin.coroutines.Continuation):0:0 -> l
    74:78:java.lang.Object waitForFirstLayout(kotlin.coroutines.Continuation):0 -> l
      # {"id":"com.android.tools.r8.residualsignature","signature":"(Lv1/d;)Ljava/lang/Object;"}
    79:94:java.lang.Object waitForFirstLayout(kotlin.coroutines.Continuation):0:0 -> l
androidx.compose.foundation.lazy.layout.AwaitFirstLayoutModifier$waitForFirstLayout$1 -> o.a:
# {"id":"sourceFile","fileName":"AwaitFirstLayoutModifier.kt"}
    java.lang.Object L$1 -> i
      # {"id":"com.android.tools.r8.residualsignature","signature":"Lv1/d;"}
    java.lang.Object result -> j
    androidx.compose.foundation.lazy.layout.AwaitFirstLayoutModifier this$0 -> k
      # {"id":"com.android.tools.r8.residualsignature","signature":"Lo/b;"}
    int label -> l
    1:6:void <init>(androidx.compose.foundation.lazy.layout.AwaitFirstLayoutModifier,kotlin.coroutines.Continuation):0:0 -> <init>
      # {"id":"com.android.tools.r8.residualsignature","signature":"(Lo/b;Lv1/d;)V"}
    1:16:java.lang.Object invokeSuspend(java.lang.Object):0:0 -> invokeSuspend
androidx.compose.foundation.lazy.layout.DefaultLazyKey -> o.d:
# {"id":"sourceFile","fileName":"Lazy.android.kt"}
    int index -> i
    3:5:void androidx.compose.foundation.lazy.layout.DefaultLazyKey$Companion$CREATOR$1.<init>():0:0 -> <clinit>
    3:5:void <clinit>():0 -> <clinit>
    6:8:void <clinit>():0:0 -> <clinit>
    1:6:void <init>(int):0:0 -> <init>
    1:2:int describeContents():0:0 -> describeContents
    5:20:boolean equals(java.lang.Object):0:0 -> equals
    1:7:int hashCode():0:0 -> hashCode
    12:16:java.lang.String toString():0:0 -> toString
    12:16:java.lang.String o.DefaultLazyKey.toString():0 -> toString
      # {"id":"com.android.tools.r8.synthesized"}
      # {"id":"com.android.tools.r8.outlineCallsite","positions":{"1":17,"4":19,"7":22},"outline":"LE1/h;j(Ljava/lang/StringBuilder;IC)Ljava/lang/String;"}
    17:17:java.lang.String toString():0:0 -> toString
    19:19:java.lang.String toString():0:0 -> toString
    22:22:java.lang.String toString():0:0 -> toString
    1:11:void writeToParcel(android.os.Parcel,int):0:0 -> writeToParcel
androidx.compose.foundation.lazy.layout.DefaultLazyKey$Companion$CREATOR$1 -> o.c:
# {"id":"sourceFile","fileName":"Lazy.android.kt"}
    1:15:androidx.compose.foundation.lazy.layout.DefaultLazyKey createFromParcel(android.os.Parcel):0:0 -> createFromParcel
    1:15:java.lang.Object createFromParcel(android.os.Parcel):0 -> createFromParcel
    1:3:androidx.compose.foundation.lazy.layout.DefaultLazyKey[] newArray(int):0:0 -> newArray
    1:3:java.lang.Object[] newArray(int):0 -> newArray