app/build/outputs/mapping/release/usage.txt
com.shanacoder.breathly.BreathHoldStats:
    public static final int $stable
    public void <init>()
    public final int component1()
    public final int component2()
    public final com.shanacoder.breathly.BreathHoldStats copy(int,int)
    public static synthetic com.shanacoder.breathly.BreathHoldStats copy$default(com.shanacoder.breathly.BreathHoldStats,int,int,int,java.lang.Object)
com.shanacoder.breathly.BreathlyViewModel$deleteCustomPattern$1
com.shanacoder.breathly.BreathlyViewModel$special$$inlined$map$1$2$1:
    java.lang.Object L$0
com.shanacoder.breathly.BreathlyViewModel$special$$inlined$map$2$2$1:
    java.lang.Object L$0
com.shanacoder.breathly.BreathlyViewModel$special$$inlined$map$3$2$1:
    java.lang.Object L$0
com.shanacoder.breathly.BreathlyViewModel$special$$inlined$map$4$2$1:
    java.lang.Object L$0
com.shanacoder.breathly.BreathlyViewModel$special$$inlined$map$5$2$1:
    java.lang.Object L$0
com.shanacoder.breathly.BreathlyViewModel$updateProgressSectionOrder$1
com.shanacoder.breathly.BreathlyViewModel:
    public final void deleteCustomPattern(int)
    public static synthetic java.lang.Object getChartData$default(com.shanacoder.breathly.BreathlyViewModel,java.lang.String,int,kotlin.coroutines.Continuation,int,java.lang.Object)
    public final kotlinx.coroutines.flow.StateFlow getProgressSectionOrder()
    public final void updateProgressSectionOrder(java.util.List)
com.shanacoder.breathly.ChartData:
    public final java.util.List component1()
    public final java.util.List component2()
    public final float component3()
    public final float component4()
    public final com.shanacoder.breathly.ChartData copy(java.util.List,java.util.List,float,float)
    public static synthetic com.shanacoder.breathly.ChartData copy$default(com.shanacoder.breathly.ChartData,java.util.List,java.util.List,float,float,int,java.lang.Object)
com.shanacoder.breathly.CustomPattern:
    public static final int $stable
    public final java.lang.String component1()
    public final java.lang.String component10()
    public final java.lang.String component11()
    public final java.lang.String component12()
    public final float component2()
    public final float component3()
    public final float component4()
    public final float component5()
    public final int component6()
    public final long component7()
    public final boolean component8()
    public final int component9()
    public final com.shanacoder.breathly.CustomPattern copy(java.lang.String,float,float,float,float,int,long,boolean,int,java.lang.String,java.lang.String,java.lang.String)
    public static synthetic com.shanacoder.breathly.CustomPattern copy$default(com.shanacoder.breathly.CustomPattern,java.lang.String,float,float,float,float,int,long,boolean,int,java.lang.String,java.lang.String,java.lang.String,int,java.lang.Object)
    public final int getId()
com.shanacoder.breathly.MainActivity:
    public static final int $stable
com.shanacoder.breathly.R$color
com.shanacoder.breathly.R$drawable
com.shanacoder.breathly.R$mipmap
com.shanacoder.breathly.R$raw:
    public static int img
    public static int refined_natural_logo
    private void <init>()
com.shanacoder.breathly.R$string
com.shanacoder.breathly.R$style
com.shanacoder.breathly.R$xml
com.shanacoder.breathly.R
com.shanacoder.breathly.SessionStats:
    public static final int $stable
    public void <init>()
    public final int component1()
    public final int component2()
    public final int component3()
    public final com.shanacoder.breathly.SessionStats copy(int,int,int)
    public static synthetic com.shanacoder.breathly.SessionStats copy$default(com.shanacoder.breathly.SessionStats,int,int,int,int,java.lang.Object)
com.shanacoder.breathly.notifications.NotificationReceiver:
    public static final int $stable
com.shanacoder.breathly.notifications.NotificationScheduler:
    public static final int $stable
...
androidx.compose.material.icons.sharp.ForwardToInboxKt
androidx.compose.material.icons.sharp.FoundationKt
androidx.compose.material.icons.sharp.FreeBreakfastKt
androidx.compose.material.icons.sharp.FreeCancellationKt
androidx.compose.material.icons.sharp.FrontHandKt
androidx.compose.material.icons.sharp.FullscreenExitKt
androidx.compose.material.icons.sharp.FullscreenKt
androidx.compose.material.icons.sharp.FunctionsKt
androidx.compose.material.icons.sharp.GMobiledataKt
androidx.compose.material.icons.sharp.GTranslateKt
androidx.compose.material.icons.sharp.GamepadKt
androidx.compose.material.icons.sharp.GamesKt
androidx.compose.material.icons.sharp.GarageKt
androidx.compose.material.icons.sharp.GasMeterKt
androidx.compose.material.icons.sharp.GavelKt
androidx.compose.material.icons.sharp.GeneratingTokensKt
androidx.compose.material.icons.sharp.GestureKt
androidx.compose.material.icons.sharp.GetAppKt
androidx.compose.material.icons.sharp.GifBoxKt
androidx.compose.material.icons.sharp.GifKt
androidx.compose.material.icons.sharp.GirlKt
androidx.compose.material.icons.sharp.GiteKt
androidx.compose.material.icons.sharp.GolfCourseKt
androidx.compose.material.icons.sharp.GppBadKt
androidx.compose.material.icons.sharp.GppGoodKt
androidx.compose.material.icons.sharp.GppMaybeKt
androidx.compose.material.icons.sharp.GpsFixedKt
androidx.compose.material.icons.sharp.GpsNotFixedKt
androidx.compose.material.icons.sharp.GpsOffKt
androidx.compose.material.icons.sharp.GradeKt
androidx.compose.material.icons.sharp.GradientKt
androidx.compose.material.icons.sharp.GradingKt
androidx.compose.material.icons.sharp.GrainKt
androidx.compose.material.icons.sharp.GraphicEqKt
androidx.compose.material.icons.sharp.GrassKt
androidx.compose.material.icons.sharp.Grid3x3Kt
androidx.compose.material.icons.sharp.Grid4x4Kt
androidx.compose.material.icons.sharp.GridGoldenratioKt
androidx.compose.material.icons.sharp.GridOffKt
androidx.compose.material.icons.sharp.GridOnKt
androidx.compose.material.icons.sharp.GridViewKt
androidx.compose.material.icons.sharp.GroupAddKt
androidx.compose.material.icons.sharp.GroupKt
androidx.compose.material.icons.sharp.GroupOffKt
androidx.compose.material.icons.sharp.GroupRemoveKt
androidx.compose.material.icons.sharp.GroupWorkKt
androidx.compose.material.icons.sharp.Groups2Kt
androidx.compose.material.icons.sharp.Groups3Kt
androidx.compose.material.icons.sharp.GroupsKt
androidx.compose.material.icons.sharp.HMobiledataKt
androidx.compose.material.icons.sharp.HPlusMobiledataKt
androidx.compose.material.icons.sharp.HailKt
androidx.compose.material.icons.sharp.HandshakeKt
androidx.compose.material.icons.sharp.HandymanKt
androidx.compose.material.icons.sharp.HardwareKt
androidx.compose.material.icons.sharp.HdKt
androidx.compose.material.icons.sharp.HdrAutoKt
androidx.compose.material.icons.sharp.HdrAutoSelectKt
androidx.compose.material.icons.sharp.HdrEnhancedSelectKt
androidx.compose.material.icons.sharp.HdrOffKt
androidx.compose.material.icons.sharp.HdrOffSelectKt
androidx.compose.material.icons.sharp.HdrOnKt
androidx.compose.material.icons.sharp.HdrOnSelectKt
androidx.compose.material.icons.sharp.HdrPlusKt
androidx.compose.material.icons.sharp.HdrStrongKt
androidx.compose.material.icons.sharp.HdrWeakKt
androidx.compose.material.icons.sharp.HeadphonesBatteryKt
androidx.compose.material.icons.sharp.HeadphonesKt
androidx.compose.material.icons.sharp.HeadsetKt
androidx.compose.material.icons.sharp.HeadsetMicKt
androidx.compose.material.icons.sharp.HeadsetOffKt
androidx.compose.material.icons.sharp.HealingKt
androidx.compose.material.icons.sharp.HealthAndSafetyKt
androidx.compose.material.icons.sharp.HearingDisabledKt
androidx.compose.material.icons.sharp.HearingKt
androidx.compose.material.icons.sharp.HeartBrokenKt
androidx.compose.material.icons.sharp.HeatPumpKt
androidx.compose.material.icons.sharp.HeightKt
androidx.compose.material.icons.sharp.HelpCenterKt
androidx.compose.material.icons.sharp.HelpKt